<?xml version="1.0" encoding="UTF-8"?>
<!-- Generated by org.testng.reporters.JUnitReportReporter -->
<testsuite skipped="0" hostname="LAPTOP-OIA9MJK8" name="syntel.cucumber.RunnerTest" tests="1" failures="0" timestamp="2021-06-01T21:52:26 IST" time="8.254" errors="0">
  <testcase name="runScenario" time="8.254" classname="syntel.cucumber.RunnerTest"/>
  <system-out/>
</testsuite> <!-- syntel.cucumber.RunnerTest -->
