<?xml version="1.0" encoding="UTF-8"?>
<!-- Generated by org.testng.reporters.JUnitReportReporter -->
<testsuite skipped="0" hostname="LAPTOP-OIA9MJK8" name="cucumber.RunnerTest" tests="1" failures="0" timestamp="2021-06-01T22:17:26 IST" time="7.587" errors="0">
  <testcase name="runScenario" time="7.587" classname="cucumber.RunnerTest"/>
  <system-out/>
</testsuite> <!-- cucumber.RunnerTest -->
